<?xml version="1.0" encoding="UTF-8"?>
<!-- Generated by org.testng.reporters.JUnitReportReporter -->
<testsuite hostname="HbpSoft" failures="0" tests="5" name="com.test.Tagit.Section" time="81.055" errors="0" timestamp="2024-05-02T13:27:03 IST" skipped="0">
  <testcase classname="com.test.Tagit.Section" name="login" time="12.105"/>
  <system-out/>
  <testcase classname="com.test.Tagit.Section" name="brain_tag_it" time="30.607"/>
  <system-out/>
  <testcase classname="com.test.Tagit.Section" name="tagIT_Search" time="10.103"/>
  <system-out/>
  <testcase classname="com.test.Tagit.Section" name="atlasviewer" time="12.811"/>
  <system-out/>
  <testcase classname="com.test.Tagit.Section" name="cellAnnotation" time="15.429"/>
  <system-out/>
</testsuite> <!-- com.test.Tagit.Section -->
