<?xml version="1.0" encoding="UTF-8"?>
<!-- Generated by org.testng.reporters.JUnitReportReporter -->
<testsuite hostname="HBPTesting" failures="0" tests="8" name="com.test.Tagit.Atlas_Rename_Editor" time="111.005" errors="0" timestamp="2024-08-05T12:21:08 IST" skipped="0">
  <testcase classname="com.test.Tagit.Atlas_Rename_Editor" name="Login" time="15.232"/>
  <system-out/>
  <testcase classname="com.test.Tagit.Atlas_Rename_Editor" name="table" time="8.073"/>
  <system-out/>
  <testcase classname="com.test.Tagit.Atlas_Rename_Editor" name="Direct_Draw_page" time="5.386"/>
  <system-out/>
  <testcase classname="com.test.Tagit.Atlas_Rename_Editor" name="search" time="6.463"/>
  <system-out/>
  <testcase classname="com.test.Tagit.Atlas_Rename_Editor" name="drawSquareInMiddle" time="9.273"/>
  <system-out/>
  <testcase classname="com.test.Tagit.Atlas_Rename_Editor" name="selectRegion" time="43.833"/>
  <system-out/>
  <testcase classname="com.test.Tagit.Atlas_Rename_Editor" name="DeleteRegion" time="17.700"/>
  <system-out/>
  <testcase classname="com.test.Tagit.Atlas_Rename_Editor" name="Save_Del_region" time="5.045"/>
  <system-out/>
</testsuite> <!-- com.test.Tagit.Atlas_Rename_Editor -->
