<?xml version="1.0" encoding="UTF-8"?>
<!-- Generated by org.testng.reporters.JUnitReportReporter -->
<testsuite hostname="HbpSoft" failures="0" tests="4" name="com.test.Tagit.Brain" time="60.082" errors="0" timestamp="2024-04-01T15:30:47 IST" skipped="0">
  <testcase classname="com.test.Tagit.Brain" name="login" time="9.876"/>
  <system-out/>
  <testcase classname="com.test.Tagit.Brain" name="brain_tag_it" time="28.618"/>
  <system-out/>
  <testcase classname="com.test.Tagit.Brain" name="tagIT_Search" time="12.967"/>
  <system-out/>
  <testcase classname="com.test.Tagit.Brain" name="viewer" time="8.621"/>
  <system-out/>
</testsuite> <!-- com.test.Tagit.Brain -->
