<?xml version="1.0" encoding="UTF-8"?>
<!-- Generated by org.testng.reporters.JUnitReportReporter -->
<testsuite hostname="HBPTesting" failures="0" tests="8" name="com.test.Tagit.Atlas_Rename_Editor" time="112.118" errors="0" timestamp="2024-08-05T12:22:49 IST" skipped="0">
  <testcase classname="com.test.Tagit.Atlas_Rename_Editor" name="Login" time="15.390"/>
  <system-out/>
  <testcase classname="com.test.Tagit.Atlas_Rename_Editor" name="table" time="8.391"/>
  <system-out/>
  <testcase classname="com.test.Tagit.Atlas_Rename_Editor" name="Direct_Draw_page" time="5.827"/>
  <system-out/>
  <testcase classname="com.test.Tagit.Atlas_Rename_Editor" name="search" time="6.463"/>
  <system-out/>
  <testcase classname="com.test.Tagit.Atlas_Rename_Editor" name="drawSquareInMiddle" time="9.256"/>
  <system-out/>
  <testcase classname="com.test.Tagit.Atlas_Rename_Editor" name="selectRegion" time="44.077"/>
  <system-out/>
  <testcase classname="com.test.Tagit.Atlas_Rename_Editor" name="DeleteRegion" time="17.664"/>
  <system-out/>
  <testcase classname="com.test.Tagit.Atlas_Rename_Editor" name="Save_Del_region" time="5.050"/>
  <system-out/>
</testsuite> <!-- com.test.Tagit.Atlas_Rename_Editor -->
