<?xml version="1.0" encoding="UTF-8"?>
<!-- Generated by org.testng.reporters.JUnitReportReporter -->
<testsuite hostname="HbpSoft" failures="0" tests="5" name="com.test.Tagit.Section" time="78.552" errors="0" timestamp="2024-04-01T15:41:33 IST" skipped="0">
  <testcase classname="com.test.Tagit.Section" name="login" time="8.931"/>
  <system-out/>
  <testcase classname="com.test.Tagit.Section" name="brain_tag_it" time="28.791"/>
  <system-out/>
  <testcase classname="com.test.Tagit.Section" name="tagIT_Search" time="12.978"/>
  <system-out/>
  <testcase classname="com.test.Tagit.Section" name="atlasviewer" time="12.416"/>
  <system-out/>
  <testcase classname="com.test.Tagit.Section" name="cellAnnotation" time="15.436"/>
  <system-out/>
</testsuite> <!-- com.test.Tagit.Section -->
